<?xml version="1.0" encoding="UTF-8"?>
<!-- Generated by org.testng.reporters.JUnitReportReporter -->
<testsuite hostname="Shift-PC01" failures="0" tests="3" name="com.lordandtaylor.qa.scripts.junit.cucumber.functional.LordandTaylorLoginTestNG" time="8.546" errors="1" timestamp="02 Sep 2018 12:44:31 GMT" skipped="1">
  <testcase classname="com.lordandtaylor.qa.scripts.junit.cucumber.functional.LordandTaylorLoginTestNG" name="test_RegexCase2" time="8.534"/>
  <testcase classname="com.lordandtaylor.qa.scripts.junit.cucumber.functional.LordandTaylorLoginTestNG" name="loginSuccessfullyTest" time="0.000">
    <skipped/>
  </testcase> <!-- loginSuccessfullyTest -->
  <testcase classname="com.lordandtaylor.qa.scripts.junit.cucumber.functional.LordandTaylorLoginTestNG" name="beforeMethod" time="0.012">
    <error message="Session ID is null. Using WebDriver after calling quit()?
Build info: version: &#039;3.9.1&#039;, revision: &#039;63f7b50&#039;, time: &#039;2018-02-07T22:25:02.294Z&#039;
System info: host: &#039;SHIFT-PC01&#039;, ip: &#039;192.168.1.158&#039;, os.name: &#039;Windows 7&#039;, os.arch: &#039;amd64&#039;, os.version: &#039;6.1&#039;, java.version: &#039;9.0.4&#039;
Driver info: driver.version: RemoteWebDriver" type="org.openqa.selenium.NoSuchSessionException">
      <![CDATA[org.openqa.selenium.NoSuchSessionException: Session ID is null. Using WebDriver after calling quit()?Build info: version: '3.9.1', revision: '63f7b50', time: '2018-02-07T22:25:02.294Z'System info: host: 'SHIFT-PC01', ip: '192.168.1.158', os.name: 'Windows 7', os.arch: 'amd64', os.version: '6.1', java.version: '9.0.4'Driver info: driver.version: RemoteWebDriverat org.openqa.selenium.remote.HttpCommandExecutor.execute(HttpCommandExecutor.java:127)at org.openqa.selenium.remote.service.DriverCommandExecutor.execute(DriverCommandExecutor.java:83)at org.openqa.selenium.remote.RemoteWebDriver.execute(RemoteWebDriver.java:601)at org.openqa.selenium.remote.RemoteWebDriver.execute(RemoteWebDriver.java:658)at org.openqa.selenium.remote.RemoteWebDriver$RemoteWebDriverOptions$RemoteWindow.maximize(RemoteWebDriver.java:892)at com.lordandtaylor.qa.framework.scriptbase.LordandTaylorScriptBaseTestNG.beforeMethod(LordandTaylorScriptBaseTestNG.java:33)at java.base/jdk.internal.reflect.NativeMethodAccessorImpl.invoke0(Native Method)at java.base/jdk.internal.reflect.NativeMethodAccessorImpl.invoke(Unknown Source)at java.base/jdk.internal.reflect.DelegatingMethodAccessorImpl.invoke(Unknown Source)at java.base/java.lang.reflect.Method.invoke(Unknown Source)at org.testng.internal.MethodInvocationHelper.invokeMethod(MethodInvocationHelper.java:124)at org.testng.internal.MethodInvocationHelper.invokeMethodConsideringTimeout(MethodInvocationHelper.java:59)at org.testng.internal.Invoker.invokeConfigurationMethod(Invoker.java:451)at org.testng.internal.Invoker.invokeConfigurations(Invoker.java:222)at org.testng.internal.Invoker.invokeMethod(Invoker.java:516)at org.testng.internal.Invoker.invokeTestMethod(Invoker.java:707)at org.testng.internal.Invoker.invokeTestMethods(Invoker.java:979)at org.testng.internal.TestMethodWorker.invokeTestMethods(TestMethodWorker.java:125)at org.testng.internal.TestMethodWorker.run(TestMethodWorker.java:109)at org.testng.TestRunner.privateRun(TestRunner.java:648)at org.testng.TestRunner.run(TestRunner.java:505)at org.testng.SuiteRunner.runTest(SuiteRunner.java:455)at org.testng.SuiteRunner.runSequentially(SuiteRunner.java:450)at org.testng.SuiteRunner.privateRun(SuiteRunner.java:415)at org.testng.SuiteRunner.run(SuiteRunner.java:364)at org.testng.SuiteRunnerWorker.runSuite(SuiteRunnerWorker.java:52)at org.testng.SuiteRunnerWorker.run(SuiteRunnerWorker.java:84)at org.testng.TestNG.runSuitesSequentially(TestNG.java:1187)at org.testng.TestNG.runSuitesLocally(TestNG.java:1116)at org.testng.TestNG.runSuites(TestNG.java:1028)at org.testng.TestNG.run(TestNG.java:996)at org.testng.remote.AbstractRemoteTestNG.run(AbstractRemoteTestNG.java:114)at org.testng.remote.RemoteTestNG.initAndRun(RemoteTestNG.java:251)at org.testng.remote.RemoteTestNG.main(RemoteTestNG.java:77)]]>
    </error>
  </testcase> <!-- beforeMethod -->
</testsuite> <!-- com.lordandtaylor.qa.scripts.junit.cucumber.functional.LordandTaylorLoginTestNG -->
